<?xml version="1.0" encoding="UTF-8"?>
<!-- Generated by org.testng.reporters.JUnitXMLReporter -->
<testsuite ignored="0" hostname="LAPTOP-KNRBTKRH" failures="0" tests="4" name="exampletest1" time="12.269" errors="0" timestamp="01 Jun 2021 13:47:29 GMT">
  <testcase classname="com.testng.TestNg" name="testLogin" time="6.491"/>
  <testcase classname="com.testng.TestNg" name="testLogout" time="0.007"/>
  <testcase classname="com.testng.TestNg2" name="testLogout" time="0.008"/>
  <testcase classname="com.testng.TestNg2" name="testTitle" time="5.671"/>
</testsuite> <!-- exampletest1 -->
